11:03:54,268 root INFO GET request search query is working
11:03:54,273 urllib3.connectionpool DEBUG Starting new HTTPS connection (1): api.github.com:443
11:03:55,653 urllib3.connectionpool DEBUG https://api.github.com:443 "GET /search/repositories?q=playapp&per_page=10&sort=updated&order=desc HTTP/1.1" 200 None
11:03:55,664 root INFO GET request search query is working by github api
11:03:55,666 root INFO GET request github parsing is working
11:03:55,670 root INFO GET request commit parsing is working
11:03:55,680 urllib3.connectionpool DEBUG Starting new HTTPS connection (1): api.github.com:443
11:03:56,882 urllib3.connectionpool DEBUG https://api.github.com:443 "GET /repos/sachinvksachinku/playapp/commits HTTP/1.1" 200 None
11:03:56,899 urllib3.connectionpool DEBUG Starting new HTTPS connection (1): api.github.com:443
11:03:58,16 urllib3.connectionpool DEBUG https://api.github.com:443 "GET /repos/itacs-desenvolvimento/PlayApp/commits HTTP/1.1" 200 None
11:03:58,31 urllib3.connectionpool DEBUG Starting new HTTPS connection (1): api.github.com:443
11:03:59,134 urllib3.connectionpool DEBUG https://api.github.com:443 "GET /repos/steveo1611/playApp/commits HTTP/1.1" 200 None
11:03:59,142 urllib3.connectionpool DEBUG Starting new HTTPS connection (1): api.github.com:443
11:04:00,159 urllib3.connectionpool DEBUG https://api.github.com:443 "GET /repos/suyashbajpai86/PlayApp/commits HTTP/1.1" 200 None
11:04:00,172 urllib3.connectionpool DEBUG Starting new HTTPS connection (1): api.github.com:443
11:04:01,285 urllib3.connectionpool DEBUG https://api.github.com:443 "GET /repos/cjthom03/playapp/commits HTTP/1.1" 200 None
11:04:01,303 urllib3.connectionpool DEBUG Starting new HTTPS connection (1): api.github.com:443
11:04:02,616 urllib3.connectionpool DEBUG https://api.github.com:443 "GET /repos/IsmoilovMuhriddin/playapp/commits HTTP/1.1" 200 None
11:04:02,638 urllib3.connectionpool DEBUG Starting new HTTPS connection (1): api.github.com:443
11:04:03,946 urllib3.connectionpool DEBUG https://api.github.com:443 "GET /repos/mass10/playapp2/commits HTTP/1.1" 200 None
11:04:03,971 urllib3.connectionpool DEBUG Starting new HTTPS connection (1): api.github.com:443
11:04:05,74 urllib3.connectionpool DEBUG https://api.github.com:443 "GET /repos/shencang/playApp/commits HTTP/1.1" 200 None
11:04:05,94 urllib3.connectionpool DEBUG Starting new HTTPS connection (1): api.github.com:443
11:04:06,124 urllib3.connectionpool DEBUG https://api.github.com:443 "GET /repos/PeterXiaosa/PlayApp/commits HTTP/1.1" 200 None
11:04:06,145 urllib3.connectionpool DEBUG Starting new HTTPS connection (1): api.github.com:443
11:04:07,225 urllib3.connectionpool DEBUG https://api.github.com:443 "GET /repos/istaru/PlayApp/commits HTTP/1.1" 200 None
11:04:07,240 root INFO  GET request is working
11:06:09,645 root INFO  CSV file download is working
